# JRE version: OpenJDK Runtime Environment Temurin-21.0.7+6 (21.0.7+6) (build 21.0.7+6-LTS)
# Java VM: OpenJDK 64-Bit Server VM Temurin-21.0.7+6 (21.0.7+6-LTS, mixed mode, sharing, tiered, compressed oops, compressed class ptrs, g1 gc, windows-amd64)
GC Precious Log:
 CardTable entry size: 512
 Card Set container configuration: InlinePtr #cards 4 size 8 Array Of Cards #cards 16 size 48 Howl #buckets 8 coarsen threshold 3686 Howl Bitmap #cards 512 size 80 coarsen threshold 460 Card regions per heap region 1 cards per card region 4096
 CPUs: 4 total, 4 available
 Memory: 12067M
 Large Page Support: Disabled
 NUMA Support: Disabled
 Compressed Oops: Enabled (Zero based)
 Heap Region Size: 2M
 Heap Min Capacity: 8M
 Heap Initial Capacity: 190M
 Heap Max Capacity: 3018M
 Pre-touch: Disabled
 Parallel Workers: 4
 Concurrent Workers: 1
 Concurrent Refinement Workers: 4
 Periodic GC: Disabled
Heap:
 garbage-first heap   total 59392K, used 37235K [0x0000000743600000, 0x0000000800000000)
  region size 2048K, 7 young (14336K), 1 survivors (2048K)
 Metaspace       used 56131K, committed 56896K, reserved 1114112K
  class space    used 6983K, committed 7296K, reserved 1048576K
GC Heap History (20 events):
Event: 15.303 GC heap before
{Heap before GC invocations=9 (full 0):
 garbage-first heap   total 49152K, used 37746K [0x0000000743600000, 0x0000000800000000)
  region size 2048K, 12 young (24576K), 2 survivors (4096K)
 Metaspace       used 39530K, committed 40064K, reserved 1114112K
  class space    used 5042K, committed 5312K, reserved 1048576K
}
Event: 15.325 GC heap after
{Heap after GC invocations=10 (full 0):
 garbage-first heap   total 49152K, used 22192K [0x0000000743600000, 0x0000000800000000)
  region size 2048K, 2 young (4096K), 2 survivors (4096K)
 Metaspace       used 39530K, committed 40064K, reserved 1114112K
  class space    used 5042K, committed 5312K, reserved 1048576K
}
Event: 17.300 GC heap before
{Heap before GC invocations=10 (full 0):
 garbage-first heap   total 49152K, used 38576K [0x0000000743600000, 0x0000000800000000)
  region size 2048K, 10 young (20480K), 2 survivors (4096K)
 Metaspace       used 41846K, committed 42368K, reserved 1114112K
  class space    used 5345K, committed 5568K, reserved 1048576K
}
Event: 17.319 GC heap after
{Heap after GC invocations=11 (full 0):
 garbage-first heap   total 49152K, used 23190K [0x0000000743600000, 0x0000000800000000)
  region size 2048K, 1 young (2048K), 1 survivors (2048K)
 Metaspace       used 41846K, committed 42368K, reserved 1114112K
  class space    used 5345K, committed 5568K, reserved 1048576K
}
Event: 19.102 GC heap before
{Heap before GC invocations=11 (full 0):
 garbage-first heap   total 49152K, used 39574K [0x0000000743600000, 0x0000000800000000)
  region size 2048K, 9 young (18432K), 1 survivors (2048K)
 Metaspace       used 44169K, committed 44736K, reserved 1114112K
  class space    used 5664K, committed 5888K, reserved 1048576K
}
Event: 19.115 GC heap after
{Heap after GC invocations=12 (full 0):
 garbage-first heap   total 49152K, used 24795K [0x0000000743600000, 0x0000000800000000)
  region size 2048K, 2 young (4096K), 2 survivors (4096K)
 Metaspace       used 44169K, committed 44736K, reserved 1114112K
  class space    used 5664K, committed 5888K, reserved 1048576K
}
Event: 20.554 GC heap before
{Heap before GC invocations=13 (full 0):
 garbage-first heap   total 49152K, used 39131K [0x0000000743600000, 0x0000000800000000)
  region size 2048K, 9 young (18432K), 2 survivors (4096K)
 Metaspace       used 46546K, committed 47232K, reserved 1114112K
  class space    used 6011K, committed 6336K, reserved 1048576K
}
Event: 20.570 GC heap after
{Heap after GC invocations=14 (full 0):
 garbage-first heap   total 49152K, used 26670K [0x0000000743600000, 0x0000000800000000)
  region size 2048K, 2 young (4096K), 2 survivors (4096K)
 Metaspace       used 46546K, committed 47232K, reserved 1114112K
  class space    used 6011K, committed 6336K, reserved 1048576K
}
Event: 153.057 GC heap before
{Heap before GC invocations=14 (full 0):
 garbage-first heap   total 49152K, used 38958K [0x0000000743600000, 0x0000000800000000)
  region size 2048K, 8 young (16384K), 2 survivors (4096K)
 Metaspace       used 48564K, committed 49280K, reserved 1114112K
  class space    used 6279K, committed 6592K, reserved 1048576K
}
Event: 153.069 GC heap after
{Heap after GC invocations=15 (full 0):
 garbage-first heap   total 59392K, used 26399K [0x0000000743600000, 0x0000000800000000)
  region size 2048K, 1 young (2048K), 1 survivors (2048K)
 Metaspace       used 48564K, committed 49280K, reserved 1114112K
  class space    used 6279K, committed 6592K, reserved 1048576K
}
Event: 154.407 GC heap before
{Heap before GC invocations=15 (full 0):
 garbage-first heap   total 59392K, used 46879K [0x0000000743600000, 0x0000000800000000)
  region size 2048K, 12 young (24576K), 1 survivors (2048K)
 Metaspace       used 53076K, committed 53696K, reserved 1114112K
  class space    used 6877K, committed 7168K, reserved 1048576K
}
Event: 154.418 GC heap after
{Heap after GC invocations=16 (full 0):
 garbage-first heap   total 59392K, used 28631K [0x0000000743600000, 0x0000000800000000)
  region size 2048K, 2 young (4096K), 2 survivors (4096K)
 Metaspace       used 53076K, committed 53696K, reserved 1114112K
  class space    used 6877K, committed 7168K, reserved 1048576K
}
Event: 172.679 GC heap before
{Heap before GC invocations=16 (full 0):
 garbage-first heap   total 59392K, used 47063K [0x0000000743600000, 0x0000000800000000)
  region size 2048K, 12 young (24576K), 2 survivors (4096K)
 Metaspace       used 54259K, committed 54912K, reserved 1114112K
  class space    used 6950K, committed 7232K, reserved 1048576K
}
Event: 172.685 GC heap after
{Heap after GC invocations=17 (full 0):
 garbage-first heap   total 59392K, used 29233K [0x0000000743600000, 0x0000000800000000)
  region size 2048K, 1 young (2048K), 1 survivors (2048K)
 Metaspace       used 54259K, committed 54912K, reserved 1114112K
  class space    used 6950K, committed 7232K, reserved 1048576K
}
Event: 182.807 GC heap before
{Heap before GC invocations=18 (full 0):
 garbage-first heap   total 59392K, used 51761K [0x0000000743600000, 0x0000000800000000)
  region size 2048K, 12 young (24576K), 1 survivors (2048K)
 Metaspace       used 54842K, committed 55616K, reserved 1114112K
  class space    used 6957K, committed 7296K, reserved 1048576K
}
Event: 182.810 GC heap after
{Heap after GC invocations=19 (full 0):
 garbage-first heap   total 59392K, used 29378K [0x0000000743600000, 0x0000000800000000)
  region size 2048K, 1 young (2048K), 1 survivors (2048K)
 Metaspace       used 54842K, committed 55616K, reserved 1114112K
  class space    used 6957K, committed 7296K, reserved 1048576K
}
Event: 525.729 GC heap before
{Heap before GC invocations=19 (full 0):
 garbage-first heap   total 59392K, used 49858K [0x0000000743600000, 0x0000000800000000)
  region size 2048K, 12 young (24576K), 1 survivors (2048K)
 Metaspace       used 55398K, committed 56128K, reserved 1114112K
  class space    used 6958K, committed 7296K, reserved 1048576K
}
Event: 525.738 GC heap after
{Heap after GC invocations=20 (full 0):
 garbage-first heap   total 59392K, used 29018K [0x0000000743600000, 0x0000000800000000)
  region size 2048K, 1 young (2048K), 1 survivors (2048K)
 Metaspace       used 55398K, committed 56128K, reserved 1114112K
  class space    used 6958K, committed 7296K, reserved 1048576K
}
Event: 605.823 GC heap before
{Heap before GC invocations=20 (full 0):
 garbage-first heap   total 59392K, used 49498K [0x0000000743600000, 0x0000000800000000)
  region size 2048K, 12 young (24576K), 1 survivors (2048K)
 Metaspace       used 55956K, committed 56640K, reserved 1114112K
  class space    used 6978K, committed 7296K, reserved 1048576K
}
Event: 605.828 GC heap after
{Heap after GC invocations=21 (full 0):
 garbage-first heap   total 59392K, used 29043K [0x0000000743600000, 0x0000000800000000)
  region size 2048K, 1 young (2048K), 1 survivors (2048K)
 Metaspace       used 55956K, committed 56640K, reserved 1114112K
  class space    used 6978K, committed 7296K, reserved 1048576K
}

