# JRE version: OpenJDK Runtime Environment Temurin-21.0.7+6 (21.0.7+6) (build 21.0.7+6-LTS)
# Java VM: OpenJDK 64-Bit Server VM Temurin-21.0.7+6 (21.0.7+6-LTS, mixed mode, sharing, tiered, compressed oops, compressed class ptrs, g1 gc, windows-amd64)
GC Precious Log:
 CardTable entry size: 512
 Card Set container configuration: InlinePtr #cards 4 size 8 Array Of Cards #cards 16 size 48 Howl #buckets 8 coarsen threshold 3686 Howl Bitmap #cards 512 size 80 coarsen threshold 460 Card regions per heap region 1 cards per card region 4096
 CPUs: 4 total, 4 available
 Memory: 12067M
 Large Page Support: Disabled
 NUMA Support: Disabled
 Compressed Oops: Enabled (Zero based)
 Heap Region Size: 2M
 Heap Min Capacity: 8M
 Heap Initial Capacity: 190M
 Heap Max Capacity: 3018M
 Pre-touch: Disabled
 Parallel Workers: 4
 Concurrent Workers: 1
 Concurrent Refinement Workers: 4
 Periodic GC: Disabled
Heap:
 garbage-first heap   total 59392K, used 32720K [0x0000000743600000, 0x0000000800000000)
  region size 2048K, 4 young (8192K), 1 survivors (2048K)
 Metaspace       used 56489K, committed 57536K, reserved 1114112K
  class space    used 6894K, committed 7296K, reserved 1048576K
GC Heap History (20 events):
Event: 16.975 GC heap before
{Heap before GC invocations=12 (full 0):
 garbage-first heap   total 59392K, used 48091K [0x0000000743600000, 0x0000000800000000)
  region size 2048K, 14 young (28672K), 2 survivors (4096K)
 Metaspace       used 51549K, committed 52224K, reserved 1114112K
  class space    used 6692K, committed 6976K, reserved 1048576K
}
Event: 16.985 GC heap after
{Heap after GC invocations=13 (full 0):
 garbage-first heap   total 59392K, used 27235K [0x0000000743600000, 0x0000000800000000)
  region size 2048K, 1 young (2048K), 1 survivors (2048K)
 Metaspace       used 51549K, committed 52224K, reserved 1114112K
  class space    used 6692K, committed 6976K, reserved 1048576K
}
Event: 29.663 GC heap before
{Heap before GC invocations=13 (full 0):
 garbage-first heap   total 59392K, used 47715K [0x0000000743600000, 0x0000000800000000)
  region size 2048K, 12 young (24576K), 1 survivors (2048K)
 Metaspace       used 53799K, committed 54528K, reserved 1114112K
  class space    used 6926K, committed 7232K, reserved 1048576K
}
Event: 29.711 GC heap after
{Heap after GC invocations=14 (full 0):
 garbage-first heap   total 59392K, used 29283K [0x0000000743600000, 0x0000000800000000)
  region size 2048K, 2 young (4096K), 2 survivors (4096K)
 Metaspace       used 53799K, committed 54528K, reserved 1114112K
  class space    used 6926K, committed 7232K, reserved 1048576K
}
Event: 116.520 GC heap before
{Heap before GC invocations=14 (full 0):
 garbage-first heap   total 59392K, used 47715K [0x0000000743600000, 0x0000000800000000)
  region size 2048K, 12 young (24576K), 2 survivors (4096K)
 Metaspace       used 54567K, committed 55296K, reserved 1114112K
  class space    used 6937K, committed 7232K, reserved 1048576K
}
Event: 116.528 GC heap after
{Heap after GC invocations=15 (full 0):
 garbage-first heap   total 59392K, used 29623K [0x0000000743600000, 0x0000000800000000)
  region size 2048K, 2 young (4096K), 2 survivors (4096K)
 Metaspace       used 54567K, committed 55296K, reserved 1114112K
  class space    used 6937K, committed 7232K, reserved 1048576K
}
Event: 978.153 GC heap before
{Heap before GC invocations=15 (full 0):
 garbage-first heap   total 59392K, used 46007K [0x0000000743600000, 0x0000000800000000)
  region size 2048K, 11 young (22528K), 2 survivors (4096K)
 Metaspace       used 55169K, committed 55872K, reserved 1114112K
  class space    used 6963K, committed 7296K, reserved 1048576K
}
Event: 978.155 GC heap after
{Heap after GC invocations=16 (full 0):
 garbage-first heap   total 59392K, used 29860K [0x0000000743600000, 0x0000000800000000)
  region size 2048K, 1 young (2048K), 1 survivors (2048K)
 Metaspace       used 55169K, committed 55872K, reserved 1114112K
  class space    used 6963K, committed 7296K, reserved 1048576K
}
Event: 1790.241 GC heap before
{Heap before GC invocations=17 (full 0):
 garbage-first heap   total 59392K, used 50340K [0x0000000743600000, 0x0000000800000000)
  region size 2048K, 11 young (22528K), 1 survivors (2048K)
 Metaspace       used 55308K, committed 56064K, reserved 1114112K
  class space    used 6963K, committed 7296K, reserved 1048576K
}
Event: 1790.246 GC heap after
{Heap after GC invocations=18 (full 0):
 garbage-first heap   total 59392K, used 29632K [0x0000000743600000, 0x0000000800000000)
  region size 2048K, 1 young (2048K), 1 survivors (2048K)
 Metaspace       used 55308K, committed 56064K, reserved 1114112K
  class space    used 6963K, committed 7296K, reserved 1048576K
}
Event: 1887.297 GC heap before
{Heap before GC invocations=18 (full 0):
 garbage-first heap   total 59392K, used 48064K [0x0000000743600000, 0x0000000800000000)
  region size 2048K, 11 young (22528K), 1 survivors (2048K)
 Metaspace       used 55664K, committed 56448K, reserved 1114112K
  class space    used 6971K, committed 7296K, reserved 1048576K
}
Event: 1887.304 GC heap after
{Heap after GC invocations=19 (full 0):
 garbage-first heap   total 59392K, used 28977K [0x0000000743600000, 0x0000000800000000)
  region size 2048K, 1 young (2048K), 1 survivors (2048K)
 Metaspace       used 55664K, committed 56448K, reserved 1114112K
  class space    used 6971K, committed 7296K, reserved 1048576K
}
Event: 2528.421 GC heap before
{Heap before GC invocations=19 (full 0):
 garbage-first heap   total 59392K, used 49457K [0x0000000743600000, 0x0000000800000000)
  region size 2048K, 12 young (24576K), 1 survivors (2048K)
 Metaspace       used 56178K, committed 56896K, reserved 1114112K
  class space    used 6971K, committed 7296K, reserved 1048576K
}
Event: 2528.426 GC heap after
{Heap after GC invocations=20 (full 0):
 garbage-first heap   total 59392K, used 28852K [0x0000000743600000, 0x0000000800000000)
  region size 2048K, 1 young (2048K), 1 survivors (2048K)
 Metaspace       used 56178K, committed 56896K, reserved 1114112K
  class space    used 6971K, committed 7296K, reserved 1048576K
}
Event: 2799.203 GC heap before
{Heap before GC invocations=21 (full 0):
 garbage-first heap   total 59392K, used 49332K [0x0000000743600000, 0x0000000800000000)
  region size 2048K, 12 young (24576K), 1 survivors (2048K)
 Metaspace       used 56437K, committed 57152K, reserved 1114112K
  class space    used 6983K, committed 7296K, reserved 1048576K
}
Event: 2799.206 GC heap after
{Heap after GC invocations=22 (full 0):
 garbage-first heap   total 59392K, used 29095K [0x0000000743600000, 0x0000000800000000)
  region size 2048K, 1 young (2048K), 1 survivors (2048K)
 Metaspace       used 56437K, committed 57152K, reserved 1114112K
  class space    used 6983K, committed 7296K, reserved 1048576K
}
Event: 3028.181 GC heap before
{Heap before GC invocations=22 (full 0):
 garbage-first heap   total 59392K, used 49575K [0x0000000743600000, 0x0000000800000000)
  region size 2048K, 12 young (24576K), 1 survivors (2048K)
 Metaspace       used 56773K, committed 57472K, reserved 1114112K
  class space    used 6985K, committed 7296K, reserved 1048576K
}
Event: 3028.189 GC heap after
{Heap after GC invocations=23 (full 0):
 garbage-first heap   total 59392K, used 28653K [0x0000000743600000, 0x0000000800000000)
  region size 2048K, 1 young (2048K), 1 survivors (2048K)
 Metaspace       used 56773K, committed 57472K, reserved 1114112K
  class space    used 6985K, committed 7296K, reserved 1048576K
}
Event: 4013.071 GC heap before
{Heap before GC invocations=23 (full 0):
 garbage-first heap   total 59392K, used 51181K [0x0000000743600000, 0x0000000800000000)
  region size 2048K, 12 young (24576K), 1 survivors (2048K)
 Metaspace       used 56813K, committed 57472K, reserved 1114112K
  class space    used 6985K, committed 7296K, reserved 1048576K
}
Event: 4013.076 GC heap after
{Heap after GC invocations=24 (full 0):
 garbage-first heap   total 59392K, used 28624K [0x0000000743600000, 0x0000000800000000)
  region size 2048K, 1 young (2048K), 1 survivors (2048K)
 Metaspace       used 56813K, committed 57472K, reserved 1114112K
  class space    used 6985K, committed 7296K, reserved 1048576K
}

