# JRE version: OpenJDK Runtime Environment Temurin-21.0.7+6 (21.0.7+6) (build 21.0.7+6-LTS)
# Java VM: OpenJDK 64-Bit Server VM Temurin-21.0.7+6 (21.0.7+6-LTS, mixed mode, sharing, tiered, compressed oops, compressed class ptrs, g1 gc, windows-amd64)
GC Precious Log:
 CardTable entry size: 512
 Card Set container configuration: InlinePtr #cards 4 size 8 Array Of Cards #cards 16 size 48 Howl #buckets 8 coarsen threshold 3686 Howl Bitmap #cards 512 size 80 coarsen threshold 460 Card regions per heap region 1 cards per card region 4096
 CPUs: 4 total, 4 available
 Memory: 12067M
 Large Page Support: Disabled
 NUMA Support: Disabled
 Compressed Oops: Enabled (Zero based)
 Heap Region Size: 2M
 Heap Min Capacity: 8M
 Heap Initial Capacity: 190M
 Heap Max Capacity: 3018M
 Pre-touch: Disabled
 Parallel Workers: 4
 Concurrent Workers: 1
 Concurrent Refinement Workers: 4
 Periodic GC: Disabled
Heap:
 garbage-first heap   total 61440K, used 45702K [0x0000000743600000, 0x0000000800000000)
  region size 2048K, 10 young (20480K), 1 survivors (2048K)
 Metaspace       used 56419K, committed 57216K, reserved 1114112K
  class space    used 6963K, committed 7424K, reserved 1048576K
GC Heap History (20 events):
Event: 6.720 GC heap before
{Heap before GC invocations=12 (full 0):
 garbage-first heap   total 59392K, used 45692K [0x0000000743600000, 0x0000000800000000)
  region size 2048K, 13 young (26624K), 2 survivors (4096K)
 Metaspace       used 45626K, committed 46272K, reserved 1114112K
  class space    used 5895K, committed 6208K, reserved 1048576K
}
Event: 6.728 GC heap after
{Heap after GC invocations=13 (full 0):
 garbage-first heap   total 59392K, used 26750K [0x0000000743600000, 0x0000000800000000)
  region size 2048K, 2 young (4096K), 2 survivors (4096K)
 Metaspace       used 45626K, committed 46272K, reserved 1114112K
  class space    used 5895K, committed 6208K, reserved 1048576K
}
Event: 11.592 GC heap before
{Heap before GC invocations=13 (full 0):
 garbage-first heap   total 59392K, used 45182K [0x0000000743600000, 0x0000000800000000)
  region size 2048K, 12 young (24576K), 2 survivors (4096K)
 Metaspace       used 50051K, committed 50752K, reserved 1114112K
  class space    used 6483K, committed 6784K, reserved 1048576K
}
Event: 11.601 GC heap after
{Heap after GC invocations=14 (full 0):
 garbage-first heap   total 59392K, used 28469K [0x0000000743600000, 0x0000000800000000)
  region size 2048K, 1 young (2048K), 1 survivors (2048K)
 Metaspace       used 50051K, committed 50752K, reserved 1114112K
  class space    used 6483K, committed 6784K, reserved 1048576K
}
Event: 166.703 GC heap before
{Heap before GC invocations=14 (full 0):
 garbage-first heap   total 59392K, used 48949K [0x0000000743600000, 0x0000000800000000)
  region size 2048K, 12 young (24576K), 1 survivors (2048K)
 Metaspace       used 53622K, committed 54336K, reserved 1114112K
  class space    used 6949K, committed 7232K, reserved 1048576K
}
Event: 166.707 GC heap after
{Heap after GC invocations=15 (full 0):
 garbage-first heap   total 59392K, used 29914K [0x0000000743600000, 0x0000000800000000)
  region size 2048K, 2 young (4096K), 2 survivors (4096K)
 Metaspace       used 53622K, committed 54336K, reserved 1114112K
  class space    used 6949K, committed 7232K, reserved 1048576K
}
Event: 1027.401 GC heap before
{Heap before GC invocations=15 (full 0):
 garbage-first heap   total 59392K, used 50394K [0x0000000743600000, 0x0000000800000000)
  region size 2048K, 12 young (24576K), 2 survivors (4096K)
 Metaspace       used 54293K, committed 55104K, reserved 1114112K
  class space    used 6979K, committed 7360K, reserved 1048576K
}
Event: 1027.411 GC heap after
{Heap after GC invocations=16 (full 0):
 garbage-first heap   total 59392K, used 30349K [0x0000000743600000, 0x0000000800000000)
  region size 2048K, 1 young (2048K), 1 survivors (2048K)
 Metaspace       used 54293K, committed 55104K, reserved 1114112K
  class space    used 6979K, committed 7360K, reserved 1048576K
}
Event: 1756.159 GC heap before
{Heap before GC invocations=16 (full 0):
 garbage-first heap   total 59392K, used 52877K [0x0000000743600000, 0x0000000800000000)
  region size 2048K, 12 young (24576K), 1 survivors (2048K)
 Metaspace       used 54731K, committed 55488K, reserved 1114112K
  class space    used 6987K, committed 7360K, reserved 1048576K
}
Event: 1756.166 GC heap after
{Heap after GC invocations=17 (full 0):
 garbage-first heap   total 59392K, used 30195K [0x0000000743600000, 0x0000000800000000)
  region size 2048K, 1 young (2048K), 1 survivors (2048K)
 Metaspace       used 54731K, committed 55488K, reserved 1114112K
  class space    used 6987K, committed 7360K, reserved 1048576K
}
Event: 2760.271 GC heap before
{Heap before GC invocations=18 (full 0):
 garbage-first heap   total 59392K, used 50675K [0x0000000743600000, 0x0000000800000000)
  region size 2048K, 12 young (24576K), 1 survivors (2048K)
 Metaspace       used 54804K, committed 55552K, reserved 1114112K
  class space    used 6987K, committed 7360K, reserved 1048576K
}
Event: 2760.274 GC heap after
{Heap after GC invocations=19 (full 0):
 garbage-first heap   total 59392K, used 30234K [0x0000000743600000, 0x0000000800000000)
  region size 2048K, 1 young (2048K), 1 survivors (2048K)
 Metaspace       used 54804K, committed 55552K, reserved 1114112K
  class space    used 6987K, committed 7360K, reserved 1048576K
}
Event: 2876.109 GC heap before
{Heap before GC invocations=19 (full 0):
 garbage-first heap   total 59392K, used 50714K [0x0000000743600000, 0x0000000800000000)
  region size 2048K, 12 young (24576K), 1 survivors (2048K)
 Metaspace       used 55494K, committed 56192K, reserved 1114112K
  class space    used 7020K, committed 7360K, reserved 1048576K
}
Event: 2876.128 GC heap after
{Heap after GC invocations=20 (full 0):
 garbage-first heap   total 61440K, used 28991K [0x0000000743600000, 0x0000000800000000)
  region size 2048K, 2 young (4096K), 2 survivors (4096K)
 Metaspace       used 55494K, committed 56192K, reserved 1114112K
  class space    used 7020K, committed 7360K, reserved 1048576K
}
Event: 3386.907 GC heap before
{Heap before GC invocations=20 (full 0):
 garbage-first heap   total 61440K, used 49471K [0x0000000743600000, 0x0000000800000000)
  region size 2048K, 13 young (26624K), 2 survivors (4096K)
 Metaspace       used 55729K, committed 56512K, reserved 1114112K
  class space    used 7025K, committed 7424K, reserved 1048576K
}
Event: 3386.910 GC heap after
{Heap after GC invocations=21 (full 0):
 garbage-first heap   total 61440K, used 29437K [0x0000000743600000, 0x0000000800000000)
  region size 2048K, 1 young (2048K), 1 survivors (2048K)
 Metaspace       used 55729K, committed 56512K, reserved 1114112K
  class space    used 7025K, committed 7424K, reserved 1048576K
}
Event: 3919.355 GC heap before
{Heap before GC invocations=21 (full 0):
 garbage-first heap   total 61440K, used 51965K [0x0000000743600000, 0x0000000800000000)
  region size 2048K, 13 young (26624K), 1 survivors (2048K)
 Metaspace       used 56039K, committed 56896K, reserved 1114112K
  class space    used 7025K, committed 7424K, reserved 1048576K
}
Event: 3919.360 GC heap after
{Heap after GC invocations=22 (full 0):
 garbage-first heap   total 61440K, used 29164K [0x0000000743600000, 0x0000000800000000)
  region size 2048K, 1 young (2048K), 1 survivors (2048K)
 Metaspace       used 56039K, committed 56896K, reserved 1114112K
  class space    used 7025K, committed 7424K, reserved 1048576K
}
Event: 4053.623 GC heap before
{Heap before GC invocations=23 (full 0):
 garbage-first heap   total 61440K, used 51692K [0x0000000743600000, 0x0000000800000000)
  region size 2048K, 13 young (26624K), 1 survivors (2048K)
 Metaspace       used 56081K, committed 56960K, reserved 1114112K
  class space    used 6951K, committed 7424K, reserved 1048576K
}
Event: 4053.627 GC heap after
{Heap after GC invocations=24 (full 0):
 garbage-first heap   total 61440K, used 29318K [0x0000000743600000, 0x0000000800000000)
  region size 2048K, 1 young (2048K), 1 survivors (2048K)
 Metaspace       used 56081K, committed 56960K, reserved 1114112K
  class space    used 6951K, committed 7424K, reserved 1048576K
}

