# JRE version: OpenJDK Runtime Environment Temurin-21.0.7+6 (21.0.7+6) (build 21.0.7+6-LTS)
# Java VM: OpenJDK 64-Bit Server VM Temurin-21.0.7+6 (21.0.7+6-LTS, mixed mode, sharing, tiered, compressed oops, compressed class ptrs, g1 gc, windows-amd64)
GC Precious Log:
 CardTable entry size: 512
 Card Set container configuration: InlinePtr #cards 4 size 8 Array Of Cards #cards 16 size 48 Howl #buckets 8 coarsen threshold 3686 Howl Bitmap #cards 512 size 80 coarsen threshold 460 Card regions per heap region 1 cards per card region 4096
 CPUs: 4 total, 4 available
 Memory: 12067M
 Large Page Support: Disabled
 NUMA Support: Disabled
 Compressed Oops: Enabled (Zero based)
 Heap Region Size: 2M
 Heap Min Capacity: 8M
 Heap Initial Capacity: 190M
 Heap Max Capacity: 3018M
 Pre-touch: Disabled
 Parallel Workers: 4
 Concurrent Workers: 1
 Concurrent Refinement Workers: 4
 Periodic GC: Disabled
Heap:
 garbage-first heap   total 59392K, used 44346K [0x0000000743600000, 0x0000000800000000)
  region size 2048K, 9 young (18432K), 1 survivors (2048K)
 Metaspace       used 55997K, committed 56704K, reserved 1114112K
  class space    used 7074K, committed 7424K, reserved 1048576K
GC Heap History (20 events):
Event: 4.955 GC heap before
{Heap before GC invocations=7 (full 0):
 garbage-first heap   total 49152K, used 35513K [0x0000000743600000, 0x0000000800000000)
  region size 2048K, 12 young (24576K), 2 survivors (4096K)
 Metaspace       used 35072K, committed 35712K, reserved 1114112K
  class space    used 4464K, committed 4736K, reserved 1048576K
}
Event: 4.961 GC heap after
{Heap after GC invocations=8 (full 0):
 garbage-first heap   total 49152K, used 21050K [0x0000000743600000, 0x0000000800000000)
  region size 2048K, 2 young (4096K), 2 survivors (4096K)
 Metaspace       used 35072K, committed 35712K, reserved 1114112K
  class space    used 4464K, committed 4736K, reserved 1048576K
}
Event: 5.108 GC heap before
{Heap before GC invocations=8 (full 0):
 garbage-first heap   total 49152K, used 21050K [0x0000000743600000, 0x0000000800000000)
  region size 2048K, 3 young (6144K), 2 survivors (4096K)
 Metaspace       used 35365K, committed 35968K, reserved 1114112K
  class space    used 4498K, committed 4800K, reserved 1048576K
}
Event: 5.115 GC heap after
{Heap after GC invocations=9 (full 0):
 garbage-first heap   total 59392K, used 21264K [0x0000000743600000, 0x0000000800000000)
  region size 2048K, 2 young (4096K), 2 survivors (4096K)
 Metaspace       used 35365K, committed 35968K, reserved 1114112K
  class space    used 4498K, committed 4800K, reserved 1048576K
}
Event: 6.096 GC heap before
{Heap before GC invocations=10 (full 0):
 garbage-first heap   total 59392K, used 43792K [0x0000000743600000, 0x0000000800000000)
  region size 2048K, 14 young (28672K), 2 survivors (4096K)
 Metaspace       used 40776K, committed 41408K, reserved 1114112K
  class space    used 5221K, committed 5504K, reserved 1048576K
}
Event: 6.104 GC heap after
{Heap after GC invocations=11 (full 0):
 garbage-first heap   total 59392K, used 23814K [0x0000000743600000, 0x0000000800000000)
  region size 2048K, 2 young (4096K), 2 survivors (4096K)
 Metaspace       used 40776K, committed 41408K, reserved 1114112K
  class space    used 5221K, committed 5504K, reserved 1048576K
}
Event: 6.873 GC heap before
{Heap before GC invocations=11 (full 0):
 garbage-first heap   total 59392K, used 48390K [0x0000000743600000, 0x0000000800000000)
  region size 2048K, 14 young (28672K), 2 survivors (4096K)
 Metaspace       used 44124K, committed 44672K, reserved 1114112K
  class space    used 5661K, committed 5888K, reserved 1048576K
}
Event: 6.882 GC heap after
{Heap after GC invocations=12 (full 0):
 garbage-first heap   total 59392K, used 24841K [0x0000000743600000, 0x0000000800000000)
  region size 2048K, 2 young (4096K), 2 survivors (4096K)
 Metaspace       used 44124K, committed 44672K, reserved 1114112K
  class space    used 5661K, committed 5888K, reserved 1048576K
}
Event: 8.187 GC heap before
{Heap before GC invocations=12 (full 0):
 garbage-first heap   total 59392K, used 49417K [0x0000000743600000, 0x0000000800000000)
  region size 2048K, 14 young (28672K), 2 survivors (4096K)
 Metaspace       used 48200K, committed 48896K, reserved 1114112K
  class space    used 6247K, committed 6528K, reserved 1048576K
}
Event: 8.191 GC heap after
{Heap after GC invocations=13 (full 0):
 garbage-first heap   total 59392K, used 27179K [0x0000000743600000, 0x0000000800000000)
  region size 2048K, 2 young (4096K), 2 survivors (4096K)
 Metaspace       used 48200K, committed 48896K, reserved 1114112K
  class space    used 6247K, committed 6528K, reserved 1048576K
}
Event: 32.940 GC heap before
{Heap before GC invocations=13 (full 0):
 garbage-first heap   total 59392K, used 45611K [0x0000000743600000, 0x0000000800000000)
  region size 2048K, 12 young (24576K), 2 survivors (4096K)
 Metaspace       used 52393K, committed 53056K, reserved 1114112K
  class space    used 6797K, committed 7104K, reserved 1048576K
}
Event: 32.950 GC heap after
{Heap after GC invocations=14 (full 0):
 garbage-first heap   total 59392K, used 28944K [0x0000000743600000, 0x0000000800000000)
  region size 2048K, 1 young (2048K), 1 survivors (2048K)
 Metaspace       used 52393K, committed 53056K, reserved 1114112K
  class space    used 6797K, committed 7104K, reserved 1048576K
}
Event: 114.356 GC heap before
{Heap before GC invocations=14 (full 0):
 garbage-first heap   total 59392K, used 49424K [0x0000000743600000, 0x0000000800000000)
  region size 2048K, 11 young (22528K), 1 survivors (2048K)
 Metaspace       used 54190K, committed 54912K, reserved 1114112K
  class space    used 7007K, committed 7296K, reserved 1048576K
}
Event: 114.363 GC heap after
{Heap after GC invocations=15 (full 0):
 garbage-first heap   total 59392K, used 30476K [0x0000000743600000, 0x0000000800000000)
  region size 2048K, 2 young (4096K), 2 survivors (4096K)
 Metaspace       used 54190K, committed 54912K, reserved 1114112K
  class space    used 7007K, committed 7296K, reserved 1048576K
}
Event: 181.441 GC heap before
{Heap before GC invocations=16 (full 0):
 garbage-first heap   total 59392K, used 48908K [0x0000000743600000, 0x0000000800000000)
  region size 2048K, 11 young (22528K), 2 survivors (4096K)
 Metaspace       used 54675K, committed 55360K, reserved 1114112K
  class space    used 7008K, committed 7296K, reserved 1048576K
}
Event: 181.449 GC heap after
{Heap after GC invocations=17 (full 0):
 garbage-first heap   total 59392K, used 30589K [0x0000000743600000, 0x0000000800000000)
  region size 2048K, 1 young (2048K), 1 survivors (2048K)
 Metaspace       used 54675K, committed 55360K, reserved 1114112K
  class space    used 7008K, committed 7296K, reserved 1048576K
}
Event: 580.455 GC heap before
{Heap before GC invocations=17 (full 0):
 garbage-first heap   total 59392K, used 51069K [0x0000000743600000, 0x0000000800000000)
  region size 2048K, 12 young (24576K), 1 survivors (2048K)
 Metaspace       used 55709K, committed 56448K, reserved 1114112K
  class space    used 7075K, committed 7424K, reserved 1048576K
}
Event: 580.461 GC heap after
{Heap after GC invocations=18 (full 0):
 garbage-first heap   total 59392K, used 30024K [0x0000000743600000, 0x0000000800000000)
  region size 2048K, 1 young (2048K), 1 survivors (2048K)
 Metaspace       used 55709K, committed 56448K, reserved 1114112K
  class space    used 7075K, committed 7424K, reserved 1048576K
}
Event: 1576.976 GC heap before
{Heap before GC invocations=18 (full 0):
 garbage-first heap   total 59392K, used 52552K [0x0000000743600000, 0x0000000800000000)
  region size 2048K, 12 young (24576K), 1 survivors (2048K)
 Metaspace       used 55899K, committed 56640K, reserved 1114112K
  class space    used 7075K, committed 7424K, reserved 1048576K
}
Event: 1576.982 GC heap after
{Heap after GC invocations=19 (full 0):
 garbage-first heap   total 59392K, used 30010K [0x0000000743600000, 0x0000000800000000)
  region size 2048K, 1 young (2048K), 1 survivors (2048K)
 Metaspace       used 55899K, committed 56640K, reserved 1114112K
  class space    used 7075K, committed 7424K, reserved 1048576K
}

